[2022-03-28 20:23:57,864: INFO: stage_01_get_data]: 
********************
[2022-03-28 20:23:57,865: INFO: stage_01_get_data]: >>>>> stage GET_DATA started <<<<<
[2022-03-28 20:23:57,867: INFO: common]: yaml file: configs/config.yaml loaded successfully
[2022-03-28 20:23:57,869: INFO: common]: yaml file: params.yaml loaded successfully
[2022-03-28 20:23:57,870: INFO: stage_01_get_data]: >>>>> stage GET_DATA completed!<<<<<

[2022-03-29 09:33:07,715: INFO: stage_01_get_data]: 
********************
[2022-03-29 09:33:07,715: INFO: stage_01_get_data]: >>>>> stage GET_DATA started <<<<<
[2022-03-29 09:33:07,732: INFO: common]: yaml file: configs/config.yaml loaded successfully
[2022-03-29 09:33:07,734: INFO: common]: created directory at: data
[2022-03-29 09:36:17,331: INFO: stage_01_get_data]: filename: data\data.zip created with info 
 Content-Type: application/octet-stream
Accept-Ranges: bytes
Server: Windows-Azure-Blob/1.0 Microsoft-HTTPAPI/2.0
x-ms-blob-content-md5: l2WJyK3tt5/f2azyQ9eE8w==
Last-Modified: Sat, 13 Oct 2018 12:14:22 GMT
ETag: "0x8D6310568FD1DF6"
Content-Length: 824894548
Date: Tue, 29 Mar 2022 04:03:11 GMT
Connection: close


[2022-03-29 09:36:17,331: INFO: common]: yaml file: params.yaml loaded successfully
[2022-03-29 09:36:17,331: INFO: stage_01_get_data]: >>>>> stage GET_DATA completed!<<<<<

[2022-03-29 09:41:56,459: INFO: stage_01_get_data]: 
********************
[2022-03-29 09:41:56,459: INFO: stage_01_get_data]: >>>>> stage GET_DATA started <<<<<
[2022-03-29 09:41:56,463: ERROR: stage_01_get_data]: main() missing 1 required positional argument: 'params_path'
Traceback (most recent call last):
  File "src/stage_01_get_data.py", line 50, in <module>
    main(config_path=parsed_args.config)
TypeError: main() missing 1 required positional argument: 'params_path'
[2022-03-29 09:43:39,832: INFO: stage_01_get_data]: 
********************
[2022-03-29 09:43:39,832: INFO: stage_01_get_data]: >>>>> stage GET_DATA started <<<<<
[2022-03-29 09:43:39,836: INFO: common]: yaml file: configs/config.yaml loaded successfully
[2022-03-29 09:43:39,836: INFO: common]: created directory at: data
[2022-03-29 09:43:39,836: INFO: stage_01_get_data]: download started..!
[2022-03-29 09:43:39,837: INFO: stage_01_get_data]: filename:data.zip is already present!
[2022-03-29 09:43:39,837: INFO: stage_01_get_data]: >>>>> stage GET_DATA completed!<<<<<

